<?xml version="1.0" encoding="UTF-8"?>
<testng-results ignored="2" total="14" passed="12" failed="0" skipped="0">
  <reporter-output>
  </reporter-output>
  <suite started-at="2022-11-03T15:47:09 IST" name="Suite" finished-at="2022-11-03T16:02:47 IST" duration-ms="937846">
    <groups>
    </groups>
    <test started-at="2022-11-03T15:47:09 IST" name="DocStorage" finished-at="2022-11-03T16:02:47 IST" duration-ms="937846">
      <class name="testcases.UserStorageTest">
        <test-method is-config="true" signature="setUp()[pri:0, instance:testcases.UserStorageTest@28eaa59a]" started-at="2022-11-03T15:50:26 IST" name="setUp" finished-at="2022-11-03T15:50:36 IST" duration-ms="9742" status="PASS">
          <reporter-output>
          </reporter-output>
        </test-method> <!-- setUp -->
        <test-method signature="verifyStorageCounts()[pri:1, instance:testcases.UserStorageTest@28eaa59a]" started-at="2022-11-03T15:50:36 IST" name="verifyStorageCounts" finished-at="2022-11-03T15:51:26 IST" duration-ms="50624" status="PASS">
          <reporter-output>
          </reporter-output>
        </test-method> <!-- verifyStorageCounts -->
        <test-method is-config="true" signature="beforeMethod(java.lang.reflect.Method)[pri:0, instance:testcases.UserStorageTest@28eaa59a]" started-at="2022-11-03T15:50:36 IST" name="beforeMethod" finished-at="2022-11-03T15:50:36 IST" duration-ms="0" status="PASS">
          <params>
            <param index="0">
              <value>
                <![CDATA[public void testcases.UserStorageTest.verifyStorageCounts()]]>
              </value>
            </param>
          </params>
          <reporter-output>
          </reporter-output>
        </test-method> <!-- beforeMethod -->
        <test-method is-config="true" signature="reportWrapUp(org.testng.ITestResult,java.lang.reflect.Method)[pri:0, instance:testcases.UserStorageTest@28eaa59a]" started-at="2022-11-03T15:51:26 IST" name="reportWrapUp" finished-at="2022-11-03T15:51:26 IST" duration-ms="1" status="PASS">
          <params>
            <param index="0">
              <value>
                <![CDATA[[TestResult name=verifyStorageCounts status=SUCCESS method=UserStorageTest.verifyStorageCounts()[pri:1, instance:testcases.UserStorageTest@28eaa59a] output={null}]]]>
              </value>
            </param>
            <param index="1">
              <value>
                <![CDATA[public void testcases.UserStorageTest.verifyStorageCounts()]]>
              </value>
            </param>
          </params>
          <reporter-output>
          </reporter-output>
        </test-method> <!-- reportWrapUp -->
        <test-method is-config="true" signature="beforeMethod(java.lang.reflect.Method)[pri:0, instance:testcases.UserStorageTest@28eaa59a]" started-at="2022-11-03T15:51:26 IST" name="beforeMethod" finished-at="2022-11-03T15:51:26 IST" duration-ms="1" status="PASS">
          <params>
            <param index="0">
              <value>
                <![CDATA[public void testcases.UserStorageTest.verifySearchFunctionality()]]>
              </value>
            </param>
          </params>
          <reporter-output>
          </reporter-output>
        </test-method> <!-- beforeMethod -->
        <test-method signature="verifySearchFunctionality()[pri:2, instance:testcases.UserStorageTest@28eaa59a]" started-at="2022-11-03T15:51:26 IST" name="verifySearchFunctionality" finished-at="2022-11-03T15:53:09 IST" duration-ms="103181" status="PASS">
          <reporter-output>
          </reporter-output>
        </test-method> <!-- verifySearchFunctionality -->
        <test-method is-config="true" signature="reportWrapUp(org.testng.ITestResult,java.lang.reflect.Method)[pri:0, instance:testcases.UserStorageTest@28eaa59a]" started-at="2022-11-03T15:53:09 IST" name="reportWrapUp" finished-at="2022-11-03T15:53:09 IST" duration-ms="0" status="PASS">
          <params>
            <param index="0">
              <value>
                <![CDATA[[TestResult name=verifySearchFunctionality status=SUCCESS method=UserStorageTest.verifySearchFunctionality()[pri:2, instance:testcases.UserStorageTest@28eaa59a] output={null}]]]>
              </value>
            </param>
            <param index="1">
              <value>
                <![CDATA[public void testcases.UserStorageTest.verifySearchFunctionality()]]>
              </value>
            </param>
          </params>
          <reporter-output>
          </reporter-output>
        </test-method> <!-- reportWrapUp -->
        <test-method is-config="true" signature="beforeMethod(java.lang.reflect.Method)[pri:0, instance:testcases.UserStorageTest@28eaa59a]" started-at="2022-11-03T15:53:09 IST" name="beforeMethod" finished-at="2022-11-03T15:53:09 IST" duration-ms="1" status="PASS">
          <params>
            <param index="0">
              <value>
                <![CDATA[public void testcases.UserStorageTest.verifySortingFunctionality()]]>
              </value>
            </param>
          </params>
          <reporter-output>
          </reporter-output>
        </test-method> <!-- beforeMethod -->
        <test-method signature="verifySortingFunctionality()[pri:3, instance:testcases.UserStorageTest@28eaa59a]" started-at="2022-11-03T15:53:09 IST" name="verifySortingFunctionality" finished-at="2022-11-03T15:55:01 IST" duration-ms="112011" status="PASS">
          <reporter-output>
          </reporter-output>
        </test-method> <!-- verifySortingFunctionality -->
        <test-method is-config="true" signature="reportWrapUp(org.testng.ITestResult,java.lang.reflect.Method)[pri:0, instance:testcases.UserStorageTest@28eaa59a]" started-at="2022-11-03T15:55:01 IST" name="reportWrapUp" finished-at="2022-11-03T15:55:01 IST" duration-ms="1" status="PASS">
          <params>
            <param index="0">
              <value>
                <![CDATA[[TestResult name=verifySortingFunctionality status=SUCCESS method=UserStorageTest.verifySortingFunctionality()[pri:3, instance:testcases.UserStorageTest@28eaa59a] output={null}]]]>
              </value>
            </param>
            <param index="1">
              <value>
                <![CDATA[public void testcases.UserStorageTest.verifySortingFunctionality()]]>
              </value>
            </param>
          </params>
          <reporter-output>
          </reporter-output>
        </test-method> <!-- reportWrapUp -->
        <test-method is-config="true" signature="closeBrowser()[pri:0, instance:testcases.UserStorageTest@28eaa59a]" started-at="2022-11-03T15:55:01 IST" name="closeBrowser" finished-at="2022-11-03T15:55:02 IST" duration-ms="476" status="PASS">
          <reporter-output>
          </reporter-output>
        </test-method> <!-- closeBrowser -->
      </class> <!-- testcases.UserStorageTest -->
      <class name="testcases.FileDashBoardTest">
        <test-method is-config="true" signature="setUp()[pri:0, instance:testcases.FileDashBoardTest@41fbdac4]" started-at="2022-11-03T15:55:02 IST" name="setUp" finished-at="2022-11-03T15:55:14 IST" duration-ms="11661" status="PASS">
          <reporter-output>
          </reporter-output>
        </test-method> <!-- setUp -->
        <test-method is-config="true" signature="beforeMethod(java.lang.reflect.Method)[pri:0, instance:testcases.FileDashBoardTest@41fbdac4]" started-at="2022-11-03T15:55:14 IST" name="beforeMethod" finished-at="2022-11-03T15:55:14 IST" duration-ms="0" status="PASS">
          <params>
            <param index="0">
              <value>
                <![CDATA[public void testcases.FileDashBoardTest.verifyMandatoryErrorMessage()]]>
              </value>
            </param>
          </params>
          <reporter-output>
          </reporter-output>
        </test-method> <!-- beforeMethod -->
        <test-method signature="verifyMandatoryErrorMessage()[pri:1, instance:testcases.FileDashBoardTest@41fbdac4]" started-at="2022-11-03T15:55:14 IST" name="verifyMandatoryErrorMessage" finished-at="2022-11-03T15:55:42 IST" duration-ms="28181" status="PASS">
          <reporter-output>
          </reporter-output>
        </test-method> <!-- verifyMandatoryErrorMessage -->
        <test-method is-config="true" signature="reportWrapUp(org.testng.ITestResult,java.lang.reflect.Method)[pri:0, instance:testcases.FileDashBoardTest@41fbdac4]" started-at="2022-11-03T15:55:42 IST" name="reportWrapUp" finished-at="2022-11-03T15:55:42 IST" duration-ms="1" status="PASS">
          <params>
            <param index="0">
              <value>
                <![CDATA[[TestResult name=verifyMandatoryErrorMessage status=SUCCESS method=FileDashBoardTest.verifyMandatoryErrorMessage()[pri:1, instance:testcases.FileDashBoardTest@41fbdac4] output={null}]]]>
              </value>
            </param>
            <param index="1">
              <value>
                <![CDATA[public void testcases.FileDashBoardTest.verifyMandatoryErrorMessage()]]>
              </value>
            </param>
          </params>
          <reporter-output>
          </reporter-output>
        </test-method> <!-- reportWrapUp -->
        <test-method is-config="true" signature="beforeMethod(java.lang.reflect.Method)[pri:0, instance:testcases.FileDashBoardTest@41fbdac4]" started-at="2022-11-03T15:55:42 IST" name="beforeMethod" finished-at="2022-11-03T15:55:42 IST" duration-ms="1" status="PASS">
          <params>
            <param index="0">
              <value>
                <![CDATA[public void testcases.FileDashBoardTest.createAndUpdateFolderFunctionality()]]>
              </value>
            </param>
          </params>
          <reporter-output>
          </reporter-output>
        </test-method> <!-- beforeMethod -->
        <test-method signature="createAndUpdateFolderFunctionality()[pri:2, instance:testcases.FileDashBoardTest@41fbdac4]" started-at="2022-11-03T15:55:42 IST" name="createAndUpdateFolderFunctionality" finished-at="2022-11-03T15:56:57 IST" duration-ms="75490" status="PASS">
          <reporter-output>
          </reporter-output>
        </test-method> <!-- createAndUpdateFolderFunctionality -->
        <test-method is-config="true" signature="reportWrapUp(org.testng.ITestResult,java.lang.reflect.Method)[pri:0, instance:testcases.FileDashBoardTest@41fbdac4]" started-at="2022-11-03T15:56:57 IST" name="reportWrapUp" finished-at="2022-11-03T15:56:57 IST" duration-ms="0" status="PASS">
          <params>
            <param index="0">
              <value>
                <![CDATA[[TestResult name=createAndUpdateFolderFunctionality status=SUCCESS method=FileDashBoardTest.createAndUpdateFolderFunctionality()[pri:2, instance:testcases.FileDashBoardTest@41fbdac4] output={null}]]]>
              </value>
            </param>
            <param index="1">
              <value>
                <![CDATA[public void testcases.FileDashBoardTest.createAndUpdateFolderFunctionality()]]>
              </value>
            </param>
          </params>
          <reporter-output>
          </reporter-output>
        </test-method> <!-- reportWrapUp -->
        <test-method is-config="true" signature="beforeMethod(java.lang.reflect.Method)[pri:0, instance:testcases.FileDashBoardTest@41fbdac4]" started-at="2022-11-03T15:56:57 IST" name="beforeMethod" finished-at="2022-11-03T15:56:57 IST" duration-ms="1" status="PASS">
          <params>
            <param index="0">
              <value>
                <![CDATA[public void testcases.FileDashBoardTest.fileUploadResetFunctionality()]]>
              </value>
            </param>
          </params>
          <reporter-output>
          </reporter-output>
        </test-method> <!-- beforeMethod -->
        <test-method signature="fileUploadResetFunctionality()[pri:3, instance:testcases.FileDashBoardTest@41fbdac4]" started-at="2022-11-03T15:56:57 IST" name="fileUploadResetFunctionality" finished-at="2022-11-03T15:58:20 IST" duration-ms="83155" status="PASS">
          <reporter-output>
          </reporter-output>
        </test-method> <!-- fileUploadResetFunctionality -->
        <test-method is-config="true" signature="reportWrapUp(org.testng.ITestResult,java.lang.reflect.Method)[pri:0, instance:testcases.FileDashBoardTest@41fbdac4]" started-at="2022-11-03T15:58:20 IST" name="reportWrapUp" finished-at="2022-11-03T15:58:20 IST" duration-ms="1" status="PASS">
          <params>
            <param index="0">
              <value>
                <![CDATA[[TestResult name=fileUploadResetFunctionality status=SUCCESS method=FileDashBoardTest.fileUploadResetFunctionality()[pri:3, instance:testcases.FileDashBoardTest@41fbdac4] output={null}]]]>
              </value>
            </param>
            <param index="1">
              <value>
                <![CDATA[public void testcases.FileDashBoardTest.fileUploadResetFunctionality()]]>
              </value>
            </param>
          </params>
          <reporter-output>
          </reporter-output>
        </test-method> <!-- reportWrapUp -->
        <test-method signature="fileMoveFunctionality()[pri:4, instance:testcases.FileDashBoardTest@41fbdac4]" started-at="2022-11-03T15:58:20 IST" name="fileMoveFunctionality" finished-at="2022-11-03T15:59:37 IST" duration-ms="76644" status="PASS">
          <reporter-output>
          </reporter-output>
        </test-method> <!-- fileMoveFunctionality -->
        <test-method is-config="true" signature="beforeMethod(java.lang.reflect.Method)[pri:0, instance:testcases.FileDashBoardTest@41fbdac4]" started-at="2022-11-03T15:58:20 IST" name="beforeMethod" finished-at="2022-11-03T15:58:20 IST" duration-ms="0" status="PASS">
          <params>
            <param index="0">
              <value>
                <![CDATA[public void testcases.FileDashBoardTest.fileMoveFunctionality()]]>
              </value>
            </param>
          </params>
          <reporter-output>
          </reporter-output>
        </test-method> <!-- beforeMethod -->
        <test-method is-config="true" signature="reportWrapUp(org.testng.ITestResult,java.lang.reflect.Method)[pri:0, instance:testcases.FileDashBoardTest@41fbdac4]" started-at="2022-11-03T15:59:37 IST" name="reportWrapUp" finished-at="2022-11-03T15:59:37 IST" duration-ms="0" status="PASS">
          <params>
            <param index="0">
              <value>
                <![CDATA[[TestResult name=fileMoveFunctionality status=SUCCESS method=FileDashBoardTest.fileMoveFunctionality()[pri:4, instance:testcases.FileDashBoardTest@41fbdac4] output={null}]]]>
              </value>
            </param>
            <param index="1">
              <value>
                <![CDATA[public void testcases.FileDashBoardTest.fileMoveFunctionality()]]>
              </value>
            </param>
          </params>
          <reporter-output>
          </reporter-output>
        </test-method> <!-- reportWrapUp -->
        <test-method is-config="true" signature="beforeMethod(java.lang.reflect.Method)[pri:0, instance:testcases.FileDashBoardTest@41fbdac4]" started-at="2022-11-03T15:59:37 IST" name="beforeMethod" finished-at="2022-11-03T15:59:37 IST" duration-ms="0" status="PASS">
          <params>
            <param index="0">
              <value>
                <![CDATA[public void testcases.FileDashBoardTest.fileCloneAndDeleteFunctionality()]]>
              </value>
            </param>
          </params>
          <reporter-output>
          </reporter-output>
        </test-method> <!-- beforeMethod -->
        <test-method signature="fileCloneAndDeleteFunctionality()[pri:5, instance:testcases.FileDashBoardTest@41fbdac4]" started-at="2022-11-03T15:59:37 IST" name="fileCloneAndDeleteFunctionality" finished-at="2022-11-03T16:01:18 IST" duration-ms="101444" status="PASS">
          <reporter-output>
          </reporter-output>
        </test-method> <!-- fileCloneAndDeleteFunctionality -->
        <test-method is-config="true" signature="reportWrapUp(org.testng.ITestResult,java.lang.reflect.Method)[pri:0, instance:testcases.FileDashBoardTest@41fbdac4]" started-at="2022-11-03T16:01:18 IST" name="reportWrapUp" finished-at="2022-11-03T16:01:18 IST" duration-ms="2" status="PASS">
          <params>
            <param index="0">
              <value>
                <![CDATA[[TestResult name=fileCloneAndDeleteFunctionality status=SUCCESS method=FileDashBoardTest.fileCloneAndDeleteFunctionality()[pri:5, instance:testcases.FileDashBoardTest@41fbdac4] output={null}]]]>
              </value>
            </param>
            <param index="1">
              <value>
                <![CDATA[public void testcases.FileDashBoardTest.fileCloneAndDeleteFunctionality()]]>
              </value>
            </param>
          </params>
          <reporter-output>
          </reporter-output>
        </test-method> <!-- reportWrapUp -->
        <test-method is-config="true" signature="beforeMethod(java.lang.reflect.Method)[pri:0, instance:testcases.FileDashBoardTest@41fbdac4]" started-at="2022-11-03T16:01:18 IST" name="beforeMethod" finished-at="2022-11-03T16:01:18 IST" duration-ms="1" status="PASS">
          <params>
            <param index="0">
              <value>
                <![CDATA[public void testcases.FileDashBoardTest.fileDownloadRenameFunctionality()]]>
              </value>
            </param>
          </params>
          <reporter-output>
          </reporter-output>
        </test-method> <!-- beforeMethod -->
        <test-method signature="fileDownloadRenameFunctionality()[pri:6, instance:testcases.FileDashBoardTest@41fbdac4]" started-at="2022-11-03T16:01:18 IST" name="fileDownloadRenameFunctionality" finished-at="2022-11-03T16:02:47 IST" duration-ms="88350" status="PASS">
          <reporter-output>
          </reporter-output>
        </test-method> <!-- fileDownloadRenameFunctionality -->
        <test-method is-config="true" signature="reportWrapUp(org.testng.ITestResult,java.lang.reflect.Method)[pri:0, instance:testcases.FileDashBoardTest@41fbdac4]" started-at="2022-11-03T16:02:47 IST" name="reportWrapUp" finished-at="2022-11-03T16:02:47 IST" duration-ms="0" status="PASS">
          <params>
            <param index="0">
              <value>
                <![CDATA[[TestResult name=fileDownloadRenameFunctionality status=SUCCESS method=FileDashBoardTest.fileDownloadRenameFunctionality()[pri:6, instance:testcases.FileDashBoardTest@41fbdac4] output={null}]]]>
              </value>
            </param>
            <param index="1">
              <value>
                <![CDATA[public void testcases.FileDashBoardTest.fileDownloadRenameFunctionality()]]>
              </value>
            </param>
          </params>
          <reporter-output>
          </reporter-output>
        </test-method> <!-- reportWrapUp -->
        <test-method is-config="true" signature="closeBrowser()[pri:0, instance:testcases.FileDashBoardTest@41fbdac4]" started-at="2022-11-03T16:02:47 IST" name="closeBrowser" finished-at="2022-11-03T16:02:47 IST" duration-ms="532" status="PASS">
          <reporter-output>
          </reporter-output>
        </test-method> <!-- closeBrowser -->
      </class> <!-- testcases.FileDashBoardTest -->
      <class name="testcases.ClientStorageTest">
        <test-method is-config="true" signature="setUp()[pri:0, instance:testcases.ClientStorageTest@4ac3c60d]" started-at="2022-11-03T15:47:10 IST" name="setUp" finished-at="2022-11-03T15:47:21 IST" duration-ms="10993" status="PASS">
          <reporter-output>
          </reporter-output>
        </test-method> <!-- setUp -->
        <test-method is-config="true" signature="beforeMethod(java.lang.reflect.Method)[pri:0, instance:testcases.ClientStorageTest@4ac3c60d]" started-at="2022-11-03T15:47:21 IST" name="beforeMethod" finished-at="2022-11-03T15:47:21 IST" duration-ms="144" status="PASS">
          <params>
            <param index="0">
              <value>
                <![CDATA[public void testcases.ClientStorageTest.verifyStorageCounts()]]>
              </value>
            </param>
          </params>
          <reporter-output>
          </reporter-output>
        </test-method> <!-- beforeMethod -->
        <test-method signature="verifyStorageCounts()[pri:1, instance:testcases.ClientStorageTest@4ac3c60d]" started-at="2022-11-03T15:47:21 IST" name="verifyStorageCounts" finished-at="2022-11-03T15:48:16 IST" duration-ms="55096" status="PASS">
          <reporter-output>
          </reporter-output>
        </test-method> <!-- verifyStorageCounts -->
        <test-method is-config="true" signature="reportWrapUp(org.testng.ITestResult,java.lang.reflect.Method)[pri:0, instance:testcases.ClientStorageTest@4ac3c60d]" started-at="2022-11-03T15:48:16 IST" name="reportWrapUp" finished-at="2022-11-03T15:48:16 IST" duration-ms="4" status="PASS">
          <params>
            <param index="0">
              <value>
                <![CDATA[[TestResult name=verifyStorageCounts status=SUCCESS method=ClientStorageTest.verifyStorageCounts()[pri:1, instance:testcases.ClientStorageTest@4ac3c60d] output={null}]]]>
              </value>
            </param>
            <param index="1">
              <value>
                <![CDATA[public void testcases.ClientStorageTest.verifyStorageCounts()]]>
              </value>
            </param>
          </params>
          <reporter-output>
          </reporter-output>
        </test-method> <!-- reportWrapUp -->
        <test-method is-config="true" signature="beforeMethod(java.lang.reflect.Method)[pri:0, instance:testcases.ClientStorageTest@4ac3c60d]" started-at="2022-11-03T15:48:16 IST" name="beforeMethod" finished-at="2022-11-03T15:48:16 IST" duration-ms="1" status="PASS">
          <params>
            <param index="0">
              <value>
                <![CDATA[public void testcases.ClientStorageTest.verifySearchFunctionality()]]>
              </value>
            </param>
          </params>
          <reporter-output>
          </reporter-output>
        </test-method> <!-- beforeMethod -->
        <test-method signature="verifySearchFunctionality()[pri:2, instance:testcases.ClientStorageTest@4ac3c60d]" started-at="2022-11-03T15:48:16 IST" name="verifySearchFunctionality" finished-at="2022-11-03T15:48:58 IST" duration-ms="41866" status="PASS">
          <reporter-output>
          </reporter-output>
        </test-method> <!-- verifySearchFunctionality -->
        <test-method is-config="true" signature="reportWrapUp(org.testng.ITestResult,java.lang.reflect.Method)[pri:0, instance:testcases.ClientStorageTest@4ac3c60d]" started-at="2022-11-03T15:48:58 IST" name="reportWrapUp" finished-at="2022-11-03T15:48:58 IST" duration-ms="1" status="PASS">
          <params>
            <param index="0">
              <value>
                <![CDATA[[TestResult name=verifySearchFunctionality status=SUCCESS method=ClientStorageTest.verifySearchFunctionality()[pri:2, instance:testcases.ClientStorageTest@4ac3c60d] output={null}]]]>
              </value>
            </param>
            <param index="1">
              <value>
                <![CDATA[public void testcases.ClientStorageTest.verifySearchFunctionality()]]>
              </value>
            </param>
          </params>
          <reporter-output>
          </reporter-output>
        </test-method> <!-- reportWrapUp -->
        <test-method is-config="true" signature="beforeMethod(java.lang.reflect.Method)[pri:0, instance:testcases.ClientStorageTest@4ac3c60d]" started-at="2022-11-03T15:48:58 IST" name="beforeMethod" finished-at="2022-11-03T15:48:58 IST" duration-ms="1" status="PASS">
          <params>
            <param index="0">
              <value>
                <![CDATA[public void testcases.ClientStorageTest.verifySortingFunctionality()]]>
              </value>
            </param>
          </params>
          <reporter-output>
          </reporter-output>
        </test-method> <!-- beforeMethod -->
        <test-method signature="verifySortingFunctionality()[pri:3, instance:testcases.ClientStorageTest@4ac3c60d]" started-at="2022-11-03T15:48:58 IST" name="verifySortingFunctionality" finished-at="2022-11-03T15:50:25 IST" duration-ms="87593" status="PASS">
          <reporter-output>
          </reporter-output>
        </test-method> <!-- verifySortingFunctionality -->
        <test-method is-config="true" signature="reportWrapUp(org.testng.ITestResult,java.lang.reflect.Method)[pri:0, instance:testcases.ClientStorageTest@4ac3c60d]" started-at="2022-11-03T15:50:25 IST" name="reportWrapUp" finished-at="2022-11-03T15:50:25 IST" duration-ms="1" status="PASS">
          <params>
            <param index="0">
              <value>
                <![CDATA[[TestResult name=verifySortingFunctionality status=SUCCESS method=ClientStorageTest.verifySortingFunctionality()[pri:3, instance:testcases.ClientStorageTest@4ac3c60d] output={null}]]]>
              </value>
            </param>
            <param index="1">
              <value>
                <![CDATA[public void testcases.ClientStorageTest.verifySortingFunctionality()]]>
              </value>
            </param>
          </params>
          <reporter-output>
          </reporter-output>
        </test-method> <!-- reportWrapUp -->
        <test-method is-config="true" signature="closeBrowser()[pri:0, instance:testcases.ClientStorageTest@4ac3c60d]" started-at="2022-11-03T15:50:25 IST" name="closeBrowser" finished-at="2022-11-03T15:50:26 IST" duration-ms="537" status="PASS">
          <reporter-output>
          </reporter-output>
        </test-method> <!-- closeBrowser -->
        <test-method is-config="true" signature="close()[pri:0, instance:testcases.ClientStorageTest@4ac3c60d]" started-at="2022-11-03T16:02:47 IST" name="close" finished-at="2022-11-03T16:02:48 IST" duration-ms="540" status="PASS">
          <reporter-output>
          </reporter-output>
        </test-method> <!-- close -->
      </class> <!-- testcases.ClientStorageTest -->
    </test> <!-- DocStorage -->
  </suite> <!-- Suite -->
</testng-results>
