<?xml version="1.0" encoding="UTF-8"?>
<!-- Generated by org.testng.reporters.JUnitXMLReporter -->
<testsuite ignored="2" hostname="COG-WIN-MAC03" failures="0" tests="12" name="DocStorage" time="1028.421" errors="0" timestamp="2023-01-25T17:44:51 IST">
  <testcase classname="testcases.ClientStorageTest" name="verifyStorageCounts" time="53.553"/>
  <testcase classname="testcases.ClientStorageTest" name="verifySearchFunctionality" time="42.753"/>
  <testcase classname="testcases.ClientStorageTest" name="verifySortingFunctionality" time="103.605"/>
  <testcase classname="testcases.UserStorageTest" name="verifyStorageCounts" time="49.848"/>
  <testcase classname="testcases.UserStorageTest" name="verifySearchFunctionality" time="107.817"/>
  <testcase classname="testcases.UserStorageTest" name="verifySortingFunctionality" time="120.426"/>
  <testcase classname="testcases.FileDashBoardTest" name="verifyMandatoryErrorMessage" time="28.761"/>
  <testcase classname="testcases.FileDashBoardTest" name="createAndUpdateFolderFunctionality" time="73.741"/>
  <testcase classname="testcases.FileDashBoardTest" name="fileUploadResetFunctionality" time="84.925"/>
  <testcase classname="testcases.FileDashBoardTest" name="fileMoveFunctionality" time="84.241"/>
  <testcase classname="testcases.FileDashBoardTest" name="fileCloneAndDeleteFunctionality" time="136.315"/>
  <testcase classname="testcases.FileDashBoardTest" name="fileDownloadRenameFunctionality" time="92.317"/>
  <testcase classname="utils.WebTestBase" name="@AfterSuite close" time="0.0">
    <ignored/>
  </testcase> <!-- @AfterSuite close -->
  <testcase classname="utils.WebTestBase" name="@AfterSuite close" time="0.0">
    <ignored/>
  </testcase> <!-- @AfterSuite close -->
</testsuite> <!-- DocStorage -->
