<?xml version="1.0" encoding="UTF-8"?>
<!-- Generated by org.testng.reporters.JUnitXMLReporter -->
<testsuite ignored="2" hostname="COG-WIN-MAC03" failures="0" tests="12" name="DocStorage" time="941.331" errors="0" timestamp="2022-12-08T16:52:24 IST">
  <testcase classname="testcases.ClientStorageTest" name="verifyStorageCounts" time="54.871"/>
  <testcase classname="testcases.ClientStorageTest" name="verifySearchFunctionality" time="43.781"/>
  <testcase classname="testcases.ClientStorageTest" name="verifySortingFunctionality" time="87.217"/>
  <testcase classname="testcases.UserStorageTest" name="verifyStorageCounts" time="52.761"/>
  <testcase classname="testcases.UserStorageTest" name="verifySearchFunctionality" time="110.748"/>
  <testcase classname="testcases.UserStorageTest" name="verifySortingFunctionality" time="122.643"/>
  <testcase classname="testcases.FileDashBoardTest" name="verifyMandatoryErrorMessage" time="27.994"/>
  <testcase classname="testcases.FileDashBoardTest" name="createAndUpdateFolderFunctionality" time="73.371"/>
  <testcase classname="testcases.FileDashBoardTest" name="fileUploadResetFunctionality" time="80.293"/>
  <testcase classname="testcases.FileDashBoardTest" name="fileMoveFunctionality" time="71.835"/>
  <testcase classname="testcases.FileDashBoardTest" name="fileCloneAndDeleteFunctionality" time="96.796"/>
  <testcase classname="testcases.FileDashBoardTest" name="fileDownloadRenameFunctionality" time="82.178"/>
  <testcase classname="utils.WebTestBase" name="@AfterSuite close" time="0.0">
    <ignored/>
  </testcase> <!-- @AfterSuite close -->
  <testcase classname="utils.WebTestBase" name="@AfterSuite close" time="0.0">
    <ignored/>
  </testcase> <!-- @AfterSuite close -->
</testsuite> <!-- DocStorage -->
