<?xml version="1.0" encoding="UTF-8"?>
<!-- Generated by org.testng.reporters.JUnitXMLReporter -->
<testsuite ignored="5" hostname="COG-WIN-MAC03" failures="0" tests="1" name="Default test" time="44.528" errors="0" timestamp="2022-11-29T15:15:06 IST">
  <testcase classname="testcases.FileDashBoardTest" name="verifyMandatoryErrorMessage" time="31.446"/>
  <testcase classname="testcases.FileDashBoardTest" name="createAndUpdateFolderFunctionality" time="0.0">
    <ignored/>
  </testcase> <!-- createAndUpdateFolderFunctionality -->
  <testcase classname="testcases.FileDashBoardTest" name="fileDownloadRenameFunctionality" time="0.0">
    <ignored/>
  </testcase> <!-- fileDownloadRenameFunctionality -->
  <testcase classname="testcases.FileDashBoardTest" name="fileUploadResetFunctionality" time="0.0">
    <ignored/>
  </testcase> <!-- fileUploadResetFunctionality -->
  <testcase classname="testcases.FileDashBoardTest" name="fileMoveFunctionality" time="0.0">
    <ignored/>
  </testcase> <!-- fileMoveFunctionality -->
  <testcase classname="testcases.FileDashBoardTest" name="fileCloneAndDeleteFunctionality" time="0.0">
    <ignored/>
  </testcase> <!-- fileCloneAndDeleteFunctionality -->
</testsuite> <!-- Default test -->
